# JRE version: OpenJDK Runtime Environment Temurin-17.0.6+10 (17.0.6+10) (build 17.0.6+10)
# Java VM: OpenJDK 64-Bit Server VM Temurin-17.0.6+10 (17.0.6+10, mixed mode, tiered, compressed oops, compressed class ptrs, g1 gc, windows-amd64)
GC Precious Log:
 CPUs: 16 total, 16 available
 Memory: 7599M
 Large Page Support: Disabled
 NUMA Support: Disabled
 Compressed Oops: Enabled (32-bit)
 Heap Region Size: 1M
 Heap Min Capacity: 8M
 Heap Initial Capacity: 120M
 Heap Max Capacity: 1900M
 Pre-touch: Disabled
 Parallel Workers: 13
 Concurrent Workers: 3
 Concurrent Refinement Workers: 13
 Periodic GC: Disabled
Heap:
 garbage-first heap   total 137216K, used 74206K [0x0000000089400000, 0x0000000100000000)
  region size 1024K, 36 young (36864K), 0 survivors (0K)
 Metaspace       used 70541K, committed 71232K, reserved 1114112K
  class space    used 8822K, committed 9152K, reserved 1048576K
GC Heap History (20 events):
Event: 909.481 GC heap before
{Heap before GC invocations=192 (full 1):
 garbage-first heap   total 172032K, used 130904K [0x0000000089400000, 0x0000000100000000)
  region size 1024K, 77 young (78848K), 2 survivors (2048K)
 Metaspace       used 69755K, committed 70400K, reserved 1114112K
  class space    used 8774K, committed 9088K, reserved 1048576K
}
Event: 909.485 GC heap after
{Heap after GC invocations=193 (full 1):
 garbage-first heap   total 172032K, used 55428K [0x0000000089400000, 0x0000000100000000)
  region size 1024K, 3 young (3072K), 3 survivors (3072K)
 Metaspace       used 69755K, committed 70400K, reserved 1114112K
  class space    used 8774K, committed 9088K, reserved 1048576K
}
Event: 916.068 GC heap before
{Heap before GC invocations=193 (full 1):
 garbage-first heap   total 172032K, used 134276K [0x0000000089400000, 0x0000000100000000)
  region size 1024K, 80 young (81920K), 3 survivors (3072K)
 Metaspace       used 69755K, committed 70400K, reserved 1114112K
  class space    used 8774K, committed 9088K, reserved 1048576K
}
Event: 916.074 GC heap after
{Heap after GC invocations=194 (full 1):
 garbage-first heap   total 172032K, used 58283K [0x0000000089400000, 0x0000000100000000)
  region size 1024K, 6 young (6144K), 6 survivors (6144K)
 Metaspace       used 69755K, committed 70400K, reserved 1114112K
  class space    used 8774K, committed 9088K, reserved 1048576K
}
Event: 917.597 GC heap before
{Heap before GC invocations=194 (full 1):
 garbage-first heap   total 172032K, used 83883K [0x0000000089400000, 0x0000000100000000)
  region size 1024K, 32 young (32768K), 6 survivors (6144K)
 Metaspace       used 69771K, committed 70400K, reserved 1114112K
  class space    used 8775K, committed 9088K, reserved 1048576K
}
Event: 917.683 GC heap after
{Heap after GC invocations=195 (full 2):
 garbage-first heap   total 143360K, used 38997K [0x0000000089400000, 0x0000000100000000)
  region size 1024K, 0 young (0K), 0 survivors (0K)
 Metaspace       used 69771K, committed 70400K, reserved 1114112K
  class space    used 8775K, committed 9088K, reserved 1048576K
}
Event: 918.837 GC heap before
{Heap before GC invocations=195 (full 2):
 garbage-first heap   total 143360K, used 104533K [0x0000000089400000, 0x0000000100000000)
  region size 1024K, 65 young (66560K), 0 survivors (0K)
 Metaspace       used 69896K, committed 70528K, reserved 1114112K
  class space    used 8784K, committed 9088K, reserved 1048576K
}
Event: 918.847 GC heap after
{Heap after GC invocations=196 (full 2):
 garbage-first heap   total 143360K, used 46038K [0x0000000089400000, 0x0000000100000000)
  region size 1024K, 7 young (7168K), 7 survivors (7168K)
 Metaspace       used 69896K, committed 70528K, reserved 1114112K
  class space    used 8784K, committed 9088K, reserved 1048576K
}
Event: 921.964 GC heap before
{Heap before GC invocations=197 (full 2):
 garbage-first heap   total 143360K, used 105430K [0x0000000089400000, 0x0000000100000000)
  region size 1024K, 65 young (66560K), 7 survivors (7168K)
 Metaspace       used 70147K, committed 70784K, reserved 1114112K
  class space    used 8795K, committed 9088K, reserved 1048576K
}
Event: 921.975 GC heap after
{Heap after GC invocations=198 (full 2):
 garbage-first heap   total 143360K, used 50942K [0x0000000089400000, 0x0000000100000000)
  region size 1024K, 9 young (9216K), 9 survivors (9216K)
 Metaspace       used 70147K, committed 70784K, reserved 1114112K
  class space    used 8795K, committed 9088K, reserved 1048576K
}
Event: 922.016 GC heap before
{Heap before GC invocations=198 (full 2):
 garbage-first heap   total 143360K, used 51966K [0x0000000089400000, 0x0000000100000000)
  region size 1024K, 10 young (10240K), 9 survivors (9216K)
 Metaspace       used 70147K, committed 70784K, reserved 1114112K
  class space    used 8795K, committed 9088K, reserved 1048576K
}
Event: 922.024 GC heap after
{Heap after GC invocations=199 (full 2):
 garbage-first heap   total 143360K, used 51638K [0x0000000089400000, 0x0000000100000000)
  region size 1024K, 2 young (2048K), 2 survivors (2048K)
 Metaspace       used 70147K, committed 70784K, reserved 1114112K
  class space    used 8795K, committed 9088K, reserved 1048576K
}
Event: 923.006 GC heap before
{Heap before GC invocations=199 (full 2):
 garbage-first heap   total 143360K, used 65974K [0x0000000089400000, 0x0000000100000000)
  region size 1024K, 17 young (17408K), 2 survivors (2048K)
 Metaspace       used 70170K, committed 70784K, reserved 1114112K
  class space    used 8795K, committed 9088K, reserved 1048576K
}
Event: 923.131 GC heap after
{Heap after GC invocations=200 (full 3):
 garbage-first heap   total 143360K, used 40794K [0x0000000089400000, 0x0000000100000000)
  region size 1024K, 0 young (0K), 0 survivors (0K)
 Metaspace       used 70167K, committed 70784K, reserved 1114112K
  class space    used 8795K, committed 9088K, reserved 1048576K
}
Event: 925.371 GC heap before
{Heap before GC invocations=200 (full 3):
 garbage-first heap   total 143360K, used 103258K [0x0000000089400000, 0x0000000100000000)
  region size 1024K, 61 young (62464K), 0 survivors (0K)
 Metaspace       used 70247K, committed 70848K, reserved 1114112K
  class space    used 8804K, committed 9088K, reserved 1048576K
}
Event: 925.378 GC heap after
{Heap after GC invocations=201 (full 3):
 garbage-first heap   total 143360K, used 48267K [0x0000000089400000, 0x0000000100000000)
  region size 1024K, 8 young (8192K), 8 survivors (8192K)
 Metaspace       used 70247K, committed 70848K, reserved 1114112K
  class space    used 8804K, committed 9088K, reserved 1048576K
}
Event: 927.948 GC heap before
{Heap before GC invocations=201 (full 3):
 garbage-first heap   total 143360K, used 103563K [0x0000000089400000, 0x0000000100000000)
  region size 1024K, 62 young (63488K), 8 survivors (8192K)
 Metaspace       used 70476K, committed 71168K, reserved 1114112K
  class space    used 8811K, committed 9152K, reserved 1048576K
}
Event: 927.966 GC heap after
{Heap after GC invocations=202 (full 3):
 garbage-first heap   total 172032K, used 51285K [0x0000000089400000, 0x0000000100000000)
  region size 1024K, 8 young (8192K), 8 survivors (8192K)
 Metaspace       used 70476K, committed 71168K, reserved 1114112K
  class space    used 8811K, committed 9152K, reserved 1048576K
}
Event: 932.104 GC heap before
{Heap before GC invocations=202 (full 3):
 garbage-first heap   total 172032K, used 113749K [0x0000000089400000, 0x0000000100000000)
  region size 1024K, 70 young (71680K), 8 survivors (8192K)
 Metaspace       used 70484K, committed 71168K, reserved 1114112K
  class space    used 8811K, committed 9152K, reserved 1048576K
}
Event: 932.192 GC heap after
{Heap after GC invocations=203 (full 4):
 garbage-first heap   total 137216K, used 38366K [0x0000000089400000, 0x0000000100000000)
  region size 1024K, 0 young (0K), 0 survivors (0K)
 Metaspace       used 70481K, committed 71168K, reserved 1114112K
  class space    used 8811K, committed 9152K, reserved 1048576K
}

